Started by user unknown or anonymous
Running as SYSTEM
Building in workspace C:\Users\aarav\Desktop\jenkins-gradle-conventions\demo-jenkins-plugin\work\workspace\JenkinsLogs
[JenkinsLogs] $ sh -xe C:\Users\aarav\AppData\Local\Temp\jenkins11513583936597354970.sh
The system cannot find the file specified
FATAL: command execution failed
java.io.IOException: CreateProcess error=2, The system cannot find the file specified
	at java.base/java.lang.ProcessImpl.create(Native Method)
	at java.base/java.lang.ProcessImpl.<init>(ProcessImpl.java:505)
	at java.base/java.lang.ProcessImpl.start(ProcessImpl.java:158)
	at java.base/java.lang.ProcessBuilder.start(ProcessBuilder.java:1110)
Caused: java.io.IOException: Cannot run program "sh" (in directory "C:\Users\aarav\Desktop\jenkins-gradle-conventions\demo-jenkins-plugin\work\workspace\JenkinsLogs"): CreateProcess error=2, The system cannot find the file specified
	at java.base/java.lang.ProcessBuilder.start(ProcessBuilder.java:1143)
	at java.base/java.lang.ProcessBuilder.start(ProcessBuilder.java:1073)
	at hudson.Proc$LocalProc.<init>(Proc.java:254)
	at hudson.Proc$LocalProc.<init>(Proc.java:223)
	at hudson.Launcher$LocalLauncher.launch(Launcher.java:997)
	at hudson.Launcher$ProcStarter.start(Launcher.java:509)
	at hudson.tasks.CommandInterpreter.perform(CommandInterpreter.java:144)
	at hudson.tasks.CommandInterpreter.perform(CommandInterpreter.java:92)
	at hudson.tasks.BuildStepMonitor$1.perform(BuildStepMonitor.java:20)
	at hudson.model.AbstractBuild$AbstractBuildExecution.perform(AbstractBuild.java:816)
	at hudson.model.Build$BuildExecution.build(Build.java:199)
	at hudson.model.Build$BuildExecution.doRun(Build.java:164)
	at hudson.model.AbstractBuild$AbstractBuildExecution.run(AbstractBuild.java:524)
	at hudson.model.Run.execute(Run.java:1897)
	at hudson.model.FreeStyleBuild.run(FreeStyleBuild.java:44)
	at hudson.model.ResourceController.execute(ResourceController.java:101)
	at hudson.model.Executor.run(Executor.java:442)
Build step 'Execute shell' marked build as failure
Finished: FAILURE
